<?xml version="1.0" encoding="UTF-8"?>
<testsuite xmlns:xsi="http://www.w3.org/2001/XMLSchema-instance" xsi:noNamespaceSchemaLocation="https://maven.apache.org/surefire/maven-surefire-plugin/xsd/surefire-test-report-3.0.xsd" version="3.0" name="com.banhauniversity.sidalih.repository.MedicineRepositoryTest" time="4.4" tests="3" errors="0" skipped="0" failures="0">
  <properties>
    <property name="java.specification.version" value="20"/>
    <property name="sun.cpu.isalist" value="amd64"/>
    <property name="sun.jnu.encoding" value="Cp1252"/>
    <property name="java.class.path" value="E:\University\E-Pharmacy\target\test-classes;E:\University\E-Pharmacy\target\classes;C:\Users\Mahmoud Ghania\.m2\repository\org\springframework\boot\spring-boot-starter-data-jpa\3.1.4\spring-boot-starter-data-jpa-3.1.4.jar;C:\Users\Mahmoud Ghania\.m2\repository\org\springframework\boot\spring-boot-starter-aop\3.1.4\spring-boot-starter-aop-3.1.4.jar;C:\Users\Mahmoud Ghania\.m2\repository\org\aspectj\aspectjweaver\1.9.20\aspectjweaver-1.9.20.jar;C:\Users\Mahmoud Ghania\.m2\repository\org\springframework\boot\spring-boot-starter-jdbc\3.1.4\spring-boot-starter-jdbc-3.1.4.jar;C:\Users\Mahmoud Ghania\.m2\repository\com\zaxxer\HikariCP\5.0.1\HikariCP-5.0.1.jar;C:\Users\Mahmoud Ghania\.m2\repository\org\springframework\spring-jdbc\6.0.12\spring-jdbc-6.0.12.jar;C:\Users\Mahmoud Ghania\.m2\repository\org\hibernate\orm\hibernate-core\6.2.9.Final\hibernate-core-6.2.9.Final.jar;C:\Users\Mahmoud Ghania\.m2\repository\jakarta\persistence\jakarta.persistence-api\3.1.0\jakarta.persistence-api-3.1.0.jar;C:\Users\Mahmoud Ghania\.m2\repository\jakarta\transaction\jakarta.transaction-api\2.0.1\jakarta.transaction-api-2.0.1.jar;C:\Users\Mahmoud Ghania\.m2\repository\org\jboss\logging\jboss-logging\3.5.3.Final\jboss-logging-3.5.3.Final.jar;C:\Users\Mahmoud Ghania\.m2\repository\org\hibernate\common\hibernate-commons-annotations\6.0.6.Final\hibernate-commons-annotations-6.0.6.Final.jar;C:\Users\Mahmoud Ghania\.m2\repository\io\smallrye\jandex\3.0.5\jandex-3.0.5.jar;C:\Users\Mahmoud Ghania\.m2\repository\com\fasterxml\classmate\1.5.1\classmate-1.5.1.jar;C:\Users\Mahmoud Ghania\.m2\repository\org\glassfish\jaxb\jaxb-runtime\4.0.3\jaxb-runtime-4.0.3.jar;C:\Users\Mahmoud Ghania\.m2\repository\org\glassfish\jaxb\jaxb-core\4.0.3\jaxb-core-4.0.3.jar;C:\Users\Mahmoud Ghania\.m2\repository\org\eclipse\angus\angus-activation\2.0.1\angus-activation-2.0.1.jar;C:\Users\Mahmoud Ghania\.m2\repository\org\glassfish\jaxb\txw2\4.0.3\txw2-4.0.3.jar;C:\Users\Mahmoud Ghania\.m2\repository\com\sun\istack\istack-commons-runtime\4.1.2\istack-commons-runtime-4.1.2.jar;C:\Users\Mahmoud Ghania\.m2\repository\jakarta\inject\jakarta.inject-api\2.0.1\jakarta.inject-api-2.0.1.jar;C:\Users\Mahmoud Ghania\.m2\repository\org\antlr\antlr4-runtime\4.10.1\antlr4-runtime-4.10.1.jar;C:\Users\Mahmoud Ghania\.m2\repository\org\springframework\data\spring-data-jpa\3.1.4\spring-data-jpa-3.1.4.jar;C:\Users\Mahmoud Ghania\.m2\repository\org\springframework\data\spring-data-commons\3.1.4\spring-data-commons-3.1.4.jar;C:\Users\Mahmoud Ghania\.m2\repository\org\springframework\spring-orm\6.0.12\spring-orm-6.0.12.jar;C:\Users\Mahmoud Ghania\.m2\repository\org\springframework\spring-context\6.0.12\spring-context-6.0.12.jar;C:\Users\Mahmoud Ghania\.m2\repository\org\springframework\spring-tx\6.0.12\spring-tx-6.0.12.jar;C:\Users\Mahmoud Ghania\.m2\repository\org\springframework\spring-beans\6.0.12\spring-beans-6.0.12.jar;C:\Users\Mahmoud Ghania\.m2\repository\jakarta\annotation\jakarta.annotation-api\2.1.1\jakarta.annotation-api-2.1.1.jar;C:\Users\Mahmoud Ghania\.m2\repository\org\slf4j\slf4j-api\2.0.9\slf4j-api-2.0.9.jar;C:\Users\Mahmoud Ghania\.m2\repository\org\springframework\spring-aspects\6.0.12\spring-aspects-6.0.12.jar;C:\Users\Mahmoud Ghania\.m2\repository\org\springframework\boot\spring-boot-starter-web\3.1.4\spring-boot-starter-web-3.1.4.jar;C:\Users\Mahmoud Ghania\.m2\repository\org\springframework\boot\spring-boot-starter\3.1.4\spring-boot-starter-3.1.4.jar;C:\Users\Mahmoud Ghania\.m2\repository\org\springframework\boot\spring-boot\3.1.4\spring-boot-3.1.4.jar;C:\Users\Mahmoud Ghania\.m2\repository\org\springframework\boot\spring-boot-autoconfigure\3.1.4\spring-boot-autoconfigure-3.1.4.jar;C:\Users\Mahmoud Ghania\.m2\repository\org\springframework\boot\spring-boot-starter-logging\3.1.4\spring-boot-starter-logging-3.1.4.jar;C:\Users\Mahmoud Ghania\.m2\repository\ch\qos\logback\logback-classic\1.4.11\logback-classic-1.4.11.jar;C:\Users\Mahmoud Ghania\.m2\repository\ch\qos\logback\logback-core\1.4.11\logback-core-1.4.11.jar;C:\Users\Mahmoud Ghania\.m2\repository\org\apache\logging\log4j\log4j-to-slf4j\2.20.0\log4j-to-slf4j-2.20.0.jar;C:\Users\Mahmoud Ghania\.m2\repository\org\apache\logging\log4j\log4j-api\2.20.0\log4j-api-2.20.0.jar;C:\Users\Mahmoud Ghania\.m2\repository\org\slf4j\jul-to-slf4j\2.0.9\jul-to-slf4j-2.0.9.jar;C:\Users\Mahmoud Ghania\.m2\repository\org\yaml\snakeyaml\1.33\snakeyaml-1.33.jar;C:\Users\Mahmoud Ghania\.m2\repository\org\springframework\boot\spring-boot-starter-json\3.1.4\spring-boot-starter-json-3.1.4.jar;C:\Users\Mahmoud Ghania\.m2\repository\com\fasterxml\jackson\datatype\jackson-datatype-jdk8\2.15.2\jackson-datatype-jdk8-2.15.2.jar;C:\Users\Mahmoud Ghania\.m2\repository\com\fasterxml\jackson\datatype\jackson-datatype-jsr310\2.15.2\jackson-datatype-jsr310-2.15.2.jar;C:\Users\Mahmoud Ghania\.m2\repository\com\fasterxml\jackson\module\jackson-module-parameter-names\2.15.2\jackson-module-parameter-names-2.15.2.jar;C:\Users\Mahmoud Ghania\.m2\repository\org\springframework\boot\spring-boot-starter-tomcat\3.1.4\spring-boot-starter-tomcat-3.1.4.jar;C:\Users\Mahmoud Ghania\.m2\repository\org\apache\tomcat\embed\tomcat-embed-core\10.1.13\tomcat-embed-core-10.1.13.jar;C:\Users\Mahmoud Ghania\.m2\repository\org\apache\tomcat\embed\tomcat-embed-websocket\10.1.13\tomcat-embed-websocket-10.1.13.jar;C:\Users\Mahmoud Ghania\.m2\repository\org\springframework\spring-web\6.0.12\spring-web-6.0.12.jar;C:\Users\Mahmoud Ghania\.m2\repository\io\micrometer\micrometer-observation\1.11.4\micrometer-observation-1.11.4.jar;C:\Users\Mahmoud Ghania\.m2\repository\io\micrometer\micrometer-commons\1.11.4\micrometer-commons-1.11.4.jar;C:\Users\Mahmoud Ghania\.m2\repository\org\springframework\spring-webmvc\6.0.12\spring-webmvc-6.0.12.jar;C:\Users\Mahmoud Ghania\.m2\repository\org\springframework\spring-expression\6.0.12\spring-expression-6.0.12.jar;C:\Users\Mahmoud Ghania\.m2\repository\org\springframework\boot\spring-boot-starter-security\3.1.4\spring-boot-starter-security-3.1.4.jar;C:\Users\Mahmoud Ghania\.m2\repository\org\springframework\spring-aop\6.0.12\spring-aop-6.0.12.jar;C:\Users\Mahmoud Ghania\.m2\repository\org\springframework\security\spring-security-config\6.1.4\spring-security-config-6.1.4.jar;C:\Users\Mahmoud Ghania\.m2\repository\org\springframework\security\spring-security-core\6.1.4\spring-security-core-6.1.4.jar;C:\Users\Mahmoud Ghania\.m2\repository\org\springframework\security\spring-security-crypto\6.1.4\spring-security-crypto-6.1.4.jar;C:\Users\Mahmoud Ghania\.m2\repository\org\springframework\security\spring-security-web\6.1.4\spring-security-web-6.1.4.jar;C:\Users\Mahmoud Ghania\.m2\repository\org\postgresql\postgresql\42.7.1\postgresql-42.7.1.jar;C:\Users\Mahmoud Ghania\.m2\repository\org\checkerframework\checker-qual\3.41.0\checker-qual-3.41.0.jar;C:\Users\Mahmoud Ghania\.m2\repository\org\springframework\boot\spring-boot-starter-test\3.1.4\spring-boot-starter-test-3.1.4.jar;C:\Users\Mahmoud Ghania\.m2\repository\org\springframework\boot\spring-boot-test\3.1.4\spring-boot-test-3.1.4.jar;C:\Users\Mahmoud Ghania\.m2\repository\org\springframework\boot\spring-boot-test-autoconfigure\3.1.4\spring-boot-test-autoconfigure-3.1.4.jar;C:\Users\Mahmoud Ghania\.m2\repository\com\jayway\jsonpath\json-path\2.8.0\json-path-2.8.0.jar;C:\Users\Mahmoud Ghania\.m2\repository\jakarta\xml\bind\jakarta.xml.bind-api\4.0.1\jakarta.xml.bind-api-4.0.1.jar;C:\Users\Mahmoud Ghania\.m2\repository\jakarta\activation\jakarta.activation-api\2.1.2\jakarta.activation-api-2.1.2.jar;C:\Users\Mahmoud Ghania\.m2\repository\net\minidev\json-smart\2.4.11\json-smart-2.4.11.jar;C:\Users\Mahmoud Ghania\.m2\repository\net\minidev\accessors-smart\2.4.11\accessors-smart-2.4.11.jar;C:\Users\Mahmoud Ghania\.m2\repository\org\ow2\asm\asm\9.3\asm-9.3.jar;C:\Users\Mahmoud Ghania\.m2\repository\org\hamcrest\hamcrest\2.2\hamcrest-2.2.jar;C:\Users\Mahmoud Ghania\.m2\repository\org\junit\jupiter\junit-jupiter\5.9.3\junit-jupiter-5.9.3.jar;C:\Users\Mahmoud Ghania\.m2\repository\org\junit\jupiter\junit-jupiter-api\5.9.3\junit-jupiter-api-5.9.3.jar;C:\Users\Mahmoud Ghania\.m2\repository\org\opentest4j\opentest4j\1.2.0\opentest4j-1.2.0.jar;C:\Users\Mahmoud Ghania\.m2\repository\org\junit\platform\junit-platform-commons\1.9.3\junit-platform-commons-1.9.3.jar;C:\Users\Mahmoud Ghania\.m2\repository\org\apiguardian\apiguardian-api\1.1.2\apiguardian-api-1.1.2.jar;C:\Users\Mahmoud Ghania\.m2\repository\org\junit\jupiter\junit-jupiter-params\5.9.3\junit-jupiter-params-5.9.3.jar;C:\Users\Mahmoud Ghania\.m2\repository\org\junit\jupiter\junit-jupiter-engine\5.9.3\junit-jupiter-engine-5.9.3.jar;C:\Users\Mahmoud Ghania\.m2\repository\org\junit\platform\junit-platform-engine\1.9.3\junit-platform-engine-1.9.3.jar;C:\Users\Mahmoud Ghania\.m2\repository\org\mockito\mockito-core\5.3.1\mockito-core-5.3.1.jar;C:\Users\Mahmoud Ghania\.m2\repository\net\bytebuddy\byte-buddy-agent\1.14.8\byte-buddy-agent-1.14.8.jar;C:\Users\Mahmoud Ghania\.m2\repository\org\objenesis\objenesis\3.3\objenesis-3.3.jar;C:\Users\Mahmoud Ghania\.m2\repository\org\mockito\mockito-junit-jupiter\5.3.1\mockito-junit-jupiter-5.3.1.jar;C:\Users\Mahmoud Ghania\.m2\repository\org\skyscreamer\jsonassert\1.5.1\jsonassert-1.5.1.jar;C:\Users\Mahmoud Ghania\.m2\repository\com\vaadin\external\google\android-json\0.0.20131108.vaadin1\android-json-0.0.20131108.vaadin1.jar;C:\Users\Mahmoud Ghania\.m2\repository\org\springframework\spring-core\6.0.12\spring-core-6.0.12.jar;C:\Users\Mahmoud Ghania\.m2\repository\org\springframework\spring-jcl\6.0.12\spring-jcl-6.0.12.jar;C:\Users\Mahmoud Ghania\.m2\repository\org\springframework\spring-test\6.0.12\spring-test-6.0.12.jar;C:\Users\Mahmoud Ghania\.m2\repository\org\xmlunit\xmlunit-core\2.9.1\xmlunit-core-2.9.1.jar;C:\Users\Mahmoud Ghania\.m2\repository\org\springframework\boot\spring-boot-starter-validation\3.1.4\spring-boot-starter-validation-3.1.4.jar;C:\Users\Mahmoud Ghania\.m2\repository\org\apache\tomcat\embed\tomcat-embed-el\10.1.13\tomcat-embed-el-10.1.13.jar;C:\Users\Mahmoud Ghania\.m2\repository\org\hibernate\validator\hibernate-validator\8.0.1.Final\hibernate-validator-8.0.1.Final.jar;C:\Users\Mahmoud Ghania\.m2\repository\jakarta\validation\jakarta.validation-api\3.0.2\jakarta.validation-api-3.0.2.jar;C:\Users\Mahmoud Ghania\.m2\repository\org\projectlombok\lombok\1.18.30\lombok-1.18.30.jar;C:\Users\Mahmoud Ghania\.m2\repository\io\jsonwebtoken\jjwt-api\0.11.5\jjwt-api-0.11.5.jar;C:\Users\Mahmoud Ghania\.m2\repository\io\jsonwebtoken\jjwt-impl\0.11.5\jjwt-impl-0.11.5.jar;C:\Users\Mahmoud Ghania\.m2\repository\io\jsonwebtoken\jjwt-jackson\0.11.5\jjwt-jackson-0.11.5.jar;C:\Users\Mahmoud Ghania\.m2\repository\com\fasterxml\jackson\core\jackson-databind\2.15.2\jackson-databind-2.15.2.jar;C:\Users\Mahmoud Ghania\.m2\repository\com\fasterxml\jackson\core\jackson-annotations\2.15.2\jackson-annotations-2.15.2.jar;C:\Users\Mahmoud Ghania\.m2\repository\com\fasterxml\jackson\core\jackson-core\2.15.2\jackson-core-2.15.2.jar;C:\Users\Mahmoud Ghania\.m2\repository\com\google\code\gson\gson\2.10.1\gson-2.10.1.jar;C:\Users\Mahmoud Ghania\.m2\repository\org\assertj\assertj-core\3.24.2\assertj-core-3.24.2.jar;C:\Users\Mahmoud Ghania\.m2\repository\net\bytebuddy\byte-buddy\1.14.8\byte-buddy-1.14.8.jar;C:\Users\Mahmoud Ghania\.m2\repository\com\h2database\h2\2.2.224\h2-2.2.224.jar;"/>
    <property name="java.vm.vendor" value="Oracle Corporation"/>
    <property name="sun.arch.data.model" value="64"/>
    <property name="user.variant" value=""/>
    <property name="java.vendor.url" value="https://java.oracle.com/"/>
    <property name="user.timezone" value="Africa/Cairo"/>
    <property name="org.jboss.logging.provider" value="slf4j"/>
    <property name="os.name" value="Windows 10"/>
    <property name="java.vm.specification.version" value="20"/>
    <property name="sun.java.launcher" value="SUN_STANDARD"/>
    <property name="user.country" value="US"/>
    <property name="sun.boot.library.path" value="C:\Program Files\Java\jdk-20\bin"/>
    <property name="sun.java.command" value="C:\Users\Mahmoud Ghania\AppData\Local\Temp\surefire4272054792238415689\surefirebooter-20240605132401524_3.jar C:\Users\Mahmoud Ghania\AppData\Local\Temp\surefire4272054792238415689 2024-06-05T13-24-01_456-jvmRun1 surefire-20240605132401524_1tmp surefire_0-20240605132401524_2tmp"/>
    <property name="jdk.debug" value="release"/>
    <property name="surefire.test.class.path" value="E:\University\E-Pharmacy\target\test-classes;E:\University\E-Pharmacy\target\classes;C:\Users\Mahmoud Ghania\.m2\repository\org\springframework\boot\spring-boot-starter-data-jpa\3.1.4\spring-boot-starter-data-jpa-3.1.4.jar;C:\Users\Mahmoud Ghania\.m2\repository\org\springframework\boot\spring-boot-starter-aop\3.1.4\spring-boot-starter-aop-3.1.4.jar;C:\Users\Mahmoud Ghania\.m2\repository\org\aspectj\aspectjweaver\1.9.20\aspectjweaver-1.9.20.jar;C:\Users\Mahmoud Ghania\.m2\repository\org\springframework\boot\spring-boot-starter-jdbc\3.1.4\spring-boot-starter-jdbc-3.1.4.jar;C:\Users\Mahmoud Ghania\.m2\repository\com\zaxxer\HikariCP\5.0.1\HikariCP-5.0.1.jar;C:\Users\Mahmoud Ghania\.m2\repository\org\springframework\spring-jdbc\6.0.12\spring-jdbc-6.0.12.jar;C:\Users\Mahmoud Ghania\.m2\repository\org\hibernate\orm\hibernate-core\6.2.9.Final\hibernate-core-6.2.9.Final.jar;C:\Users\Mahmoud Ghania\.m2\repository\jakarta\persistence\jakarta.persistence-api\3.1.0\jakarta.persistence-api-3.1.0.jar;C:\Users\Mahmoud Ghania\.m2\repository\jakarta\transaction\jakarta.transaction-api\2.0.1\jakarta.transaction-api-2.0.1.jar;C:\Users\Mahmoud Ghania\.m2\repository\org\jboss\logging\jboss-logging\3.5.3.Final\jboss-logging-3.5.3.Final.jar;C:\Users\Mahmoud Ghania\.m2\repository\org\hibernate\common\hibernate-commons-annotations\6.0.6.Final\hibernate-commons-annotations-6.0.6.Final.jar;C:\Users\Mahmoud Ghania\.m2\repository\io\smallrye\jandex\3.0.5\jandex-3.0.5.jar;C:\Users\Mahmoud Ghania\.m2\repository\com\fasterxml\classmate\1.5.1\classmate-1.5.1.jar;C:\Users\Mahmoud Ghania\.m2\repository\org\glassfish\jaxb\jaxb-runtime\4.0.3\jaxb-runtime-4.0.3.jar;C:\Users\Mahmoud Ghania\.m2\repository\org\glassfish\jaxb\jaxb-core\4.0.3\jaxb-core-4.0.3.jar;C:\Users\Mahmoud Ghania\.m2\repository\org\eclipse\angus\angus-activation\2.0.1\angus-activation-2.0.1.jar;C:\Users\Mahmoud Ghania\.m2\repository\org\glassfish\jaxb\txw2\4.0.3\txw2-4.0.3.jar;C:\Users\Mahmoud Ghania\.m2\repository\com\sun\istack\istack-commons-runtime\4.1.2\istack-commons-runtime-4.1.2.jar;C:\Users\Mahmoud Ghania\.m2\repository\jakarta\inject\jakarta.inject-api\2.0.1\jakarta.inject-api-2.0.1.jar;C:\Users\Mahmoud Ghania\.m2\repository\org\antlr\antlr4-runtime\4.10.1\antlr4-runtime-4.10.1.jar;C:\Users\Mahmoud Ghania\.m2\repository\org\springframework\data\spring-data-jpa\3.1.4\spring-data-jpa-3.1.4.jar;C:\Users\Mahmoud Ghania\.m2\repository\org\springframework\data\spring-data-commons\3.1.4\spring-data-commons-3.1.4.jar;C:\Users\Mahmoud Ghania\.m2\repository\org\springframework\spring-orm\6.0.12\spring-orm-6.0.12.jar;C:\Users\Mahmoud Ghania\.m2\repository\org\springframework\spring-context\6.0.12\spring-context-6.0.12.jar;C:\Users\Mahmoud Ghania\.m2\repository\org\springframework\spring-tx\6.0.12\spring-tx-6.0.12.jar;C:\Users\Mahmoud Ghania\.m2\repository\org\springframework\spring-beans\6.0.12\spring-beans-6.0.12.jar;C:\Users\Mahmoud Ghania\.m2\repository\jakarta\annotation\jakarta.annotation-api\2.1.1\jakarta.annotation-api-2.1.1.jar;C:\Users\Mahmoud Ghania\.m2\repository\org\slf4j\slf4j-api\2.0.9\slf4j-api-2.0.9.jar;C:\Users\Mahmoud Ghania\.m2\repository\org\springframework\spring-aspects\6.0.12\spring-aspects-6.0.12.jar;C:\Users\Mahmoud Ghania\.m2\repository\org\springframework\boot\spring-boot-starter-web\3.1.4\spring-boot-starter-web-3.1.4.jar;C:\Users\Mahmoud Ghania\.m2\repository\org\springframework\boot\spring-boot-starter\3.1.4\spring-boot-starter-3.1.4.jar;C:\Users\Mahmoud Ghania\.m2\repository\org\springframework\boot\spring-boot\3.1.4\spring-boot-3.1.4.jar;C:\Users\Mahmoud Ghania\.m2\repository\org\springframework\boot\spring-boot-autoconfigure\3.1.4\spring-boot-autoconfigure-3.1.4.jar;C:\Users\Mahmoud Ghania\.m2\repository\org\springframework\boot\spring-boot-starter-logging\3.1.4\spring-boot-starter-logging-3.1.4.jar;C:\Users\Mahmoud Ghania\.m2\repository\ch\qos\logback\logback-classic\1.4.11\logback-classic-1.4.11.jar;C:\Users\Mahmoud Ghania\.m2\repository\ch\qos\logback\logback-core\1.4.11\logback-core-1.4.11.jar;C:\Users\Mahmoud Ghania\.m2\repository\org\apache\logging\log4j\log4j-to-slf4j\2.20.0\log4j-to-slf4j-2.20.0.jar;C:\Users\Mahmoud Ghania\.m2\repository\org\apache\logging\log4j\log4j-api\2.20.0\log4j-api-2.20.0.jar;C:\Users\Mahmoud Ghania\.m2\repository\org\slf4j\jul-to-slf4j\2.0.9\jul-to-slf4j-2.0.9.jar;C:\Users\Mahmoud Ghania\.m2\repository\org\yaml\snakeyaml\1.33\snakeyaml-1.33.jar;C:\Users\Mahmoud Ghania\.m2\repository\org\springframework\boot\spring-boot-starter-json\3.1.4\spring-boot-starter-json-3.1.4.jar;C:\Users\Mahmoud Ghania\.m2\repository\com\fasterxml\jackson\datatype\jackson-datatype-jdk8\2.15.2\jackson-datatype-jdk8-2.15.2.jar;C:\Users\Mahmoud Ghania\.m2\repository\com\fasterxml\jackson\datatype\jackson-datatype-jsr310\2.15.2\jackson-datatype-jsr310-2.15.2.jar;C:\Users\Mahmoud Ghania\.m2\repository\com\fasterxml\jackson\module\jackson-module-parameter-names\2.15.2\jackson-module-parameter-names-2.15.2.jar;C:\Users\Mahmoud Ghania\.m2\repository\org\springframework\boot\spring-boot-starter-tomcat\3.1.4\spring-boot-starter-tomcat-3.1.4.jar;C:\Users\Mahmoud Ghania\.m2\repository\org\apache\tomcat\embed\tomcat-embed-core\10.1.13\tomcat-embed-core-10.1.13.jar;C:\Users\Mahmoud Ghania\.m2\repository\org\apache\tomcat\embed\tomcat-embed-websocket\10.1.13\tomcat-embed-websocket-10.1.13.jar;C:\Users\Mahmoud Ghania\.m2\repository\org\springframework\spring-web\6.0.12\spring-web-6.0.12.jar;C:\Users\Mahmoud Ghania\.m2\repository\io\micrometer\micrometer-observation\1.11.4\micrometer-observation-1.11.4.jar;C:\Users\Mahmoud Ghania\.m2\repository\io\micrometer\micrometer-commons\1.11.4\micrometer-commons-1.11.4.jar;C:\Users\Mahmoud Ghania\.m2\repository\org\springframework\spring-webmvc\6.0.12\spring-webmvc-6.0.12.jar;C:\Users\Mahmoud Ghania\.m2\repository\org\springframework\spring-expression\6.0.12\spring-expression-6.0.12.jar;C:\Users\Mahmoud Ghania\.m2\repository\org\springframework\boot\spring-boot-starter-security\3.1.4\spring-boot-starter-security-3.1.4.jar;C:\Users\Mahmoud Ghania\.m2\repository\org\springframework\spring-aop\6.0.12\spring-aop-6.0.12.jar;C:\Users\Mahmoud Ghania\.m2\repository\org\springframework\security\spring-security-config\6.1.4\spring-security-config-6.1.4.jar;C:\Users\Mahmoud Ghania\.m2\repository\org\springframework\security\spring-security-core\6.1.4\spring-security-core-6.1.4.jar;C:\Users\Mahmoud Ghania\.m2\repository\org\springframework\security\spring-security-crypto\6.1.4\spring-security-crypto-6.1.4.jar;C:\Users\Mahmoud Ghania\.m2\repository\org\springframework\security\spring-security-web\6.1.4\spring-security-web-6.1.4.jar;C:\Users\Mahmoud Ghania\.m2\repository\org\postgresql\postgresql\42.7.1\postgresql-42.7.1.jar;C:\Users\Mahmoud Ghania\.m2\repository\org\checkerframework\checker-qual\3.41.0\checker-qual-3.41.0.jar;C:\Users\Mahmoud Ghania\.m2\repository\org\springframework\boot\spring-boot-starter-test\3.1.4\spring-boot-starter-test-3.1.4.jar;C:\Users\Mahmoud Ghania\.m2\repository\org\springframework\boot\spring-boot-test\3.1.4\spring-boot-test-3.1.4.jar;C:\Users\Mahmoud Ghania\.m2\repository\org\springframework\boot\spring-boot-test-autoconfigure\3.1.4\spring-boot-test-autoconfigure-3.1.4.jar;C:\Users\Mahmoud Ghania\.m2\repository\com\jayway\jsonpath\json-path\2.8.0\json-path-2.8.0.jar;C:\Users\Mahmoud Ghania\.m2\repository\jakarta\xml\bind\jakarta.xml.bind-api\4.0.1\jakarta.xml.bind-api-4.0.1.jar;C:\Users\Mahmoud Ghania\.m2\repository\jakarta\activation\jakarta.activation-api\2.1.2\jakarta.activation-api-2.1.2.jar;C:\Users\Mahmoud Ghania\.m2\repository\net\minidev\json-smart\2.4.11\json-smart-2.4.11.jar;C:\Users\Mahmoud Ghania\.m2\repository\net\minidev\accessors-smart\2.4.11\accessors-smart-2.4.11.jar;C:\Users\Mahmoud Ghania\.m2\repository\org\ow2\asm\asm\9.3\asm-9.3.jar;C:\Users\Mahmoud Ghania\.m2\repository\org\hamcrest\hamcrest\2.2\hamcrest-2.2.jar;C:\Users\Mahmoud Ghania\.m2\repository\org\junit\jupiter\junit-jupiter\5.9.3\junit-jupiter-5.9.3.jar;C:\Users\Mahmoud Ghania\.m2\repository\org\junit\jupiter\junit-jupiter-api\5.9.3\junit-jupiter-api-5.9.3.jar;C:\Users\Mahmoud Ghania\.m2\repository\org\opentest4j\opentest4j\1.2.0\opentest4j-1.2.0.jar;C:\Users\Mahmoud Ghania\.m2\repository\org\junit\platform\junit-platform-commons\1.9.3\junit-platform-commons-1.9.3.jar;C:\Users\Mahmoud Ghania\.m2\repository\org\apiguardian\apiguardian-api\1.1.2\apiguardian-api-1.1.2.jar;C:\Users\Mahmoud Ghania\.m2\repository\org\junit\jupiter\junit-jupiter-params\5.9.3\junit-jupiter-params-5.9.3.jar;C:\Users\Mahmoud Ghania\.m2\repository\org\junit\jupiter\junit-jupiter-engine\5.9.3\junit-jupiter-engine-5.9.3.jar;C:\Users\Mahmoud Ghania\.m2\repository\org\junit\platform\junit-platform-engine\1.9.3\junit-platform-engine-1.9.3.jar;C:\Users\Mahmoud Ghania\.m2\repository\org\mockito\mockito-core\5.3.1\mockito-core-5.3.1.jar;C:\Users\Mahmoud Ghania\.m2\repository\net\bytebuddy\byte-buddy-agent\1.14.8\byte-buddy-agent-1.14.8.jar;C:\Users\Mahmoud Ghania\.m2\repository\org\objenesis\objenesis\3.3\objenesis-3.3.jar;C:\Users\Mahmoud Ghania\.m2\repository\org\mockito\mockito-junit-jupiter\5.3.1\mockito-junit-jupiter-5.3.1.jar;C:\Users\Mahmoud Ghania\.m2\repository\org\skyscreamer\jsonassert\1.5.1\jsonassert-1.5.1.jar;C:\Users\Mahmoud Ghania\.m2\repository\com\vaadin\external\google\android-json\0.0.20131108.vaadin1\android-json-0.0.20131108.vaadin1.jar;C:\Users\Mahmoud Ghania\.m2\repository\org\springframework\spring-core\6.0.12\spring-core-6.0.12.jar;C:\Users\Mahmoud Ghania\.m2\repository\org\springframework\spring-jcl\6.0.12\spring-jcl-6.0.12.jar;C:\Users\Mahmoud Ghania\.m2\repository\org\springframework\spring-test\6.0.12\spring-test-6.0.12.jar;C:\Users\Mahmoud Ghania\.m2\repository\org\xmlunit\xmlunit-core\2.9.1\xmlunit-core-2.9.1.jar;C:\Users\Mahmoud Ghania\.m2\repository\org\springframework\boot\spring-boot-starter-validation\3.1.4\spring-boot-starter-validation-3.1.4.jar;C:\Users\Mahmoud Ghania\.m2\repository\org\apache\tomcat\embed\tomcat-embed-el\10.1.13\tomcat-embed-el-10.1.13.jar;C:\Users\Mahmoud Ghania\.m2\repository\org\hibernate\validator\hibernate-validator\8.0.1.Final\hibernate-validator-8.0.1.Final.jar;C:\Users\Mahmoud Ghania\.m2\repository\jakarta\validation\jakarta.validation-api\3.0.2\jakarta.validation-api-3.0.2.jar;C:\Users\Mahmoud Ghania\.m2\repository\org\projectlombok\lombok\1.18.30\lombok-1.18.30.jar;C:\Users\Mahmoud Ghania\.m2\repository\io\jsonwebtoken\jjwt-api\0.11.5\jjwt-api-0.11.5.jar;C:\Users\Mahmoud Ghania\.m2\repository\io\jsonwebtoken\jjwt-impl\0.11.5\jjwt-impl-0.11.5.jar;C:\Users\Mahmoud Ghania\.m2\repository\io\jsonwebtoken\jjwt-jackson\0.11.5\jjwt-jackson-0.11.5.jar;C:\Users\Mahmoud Ghania\.m2\repository\com\fasterxml\jackson\core\jackson-databind\2.15.2\jackson-databind-2.15.2.jar;C:\Users\Mahmoud Ghania\.m2\repository\com\fasterxml\jackson\core\jackson-annotations\2.15.2\jackson-annotations-2.15.2.jar;C:\Users\Mahmoud Ghania\.m2\repository\com\fasterxml\jackson\core\jackson-core\2.15.2\jackson-core-2.15.2.jar;C:\Users\Mahmoud Ghania\.m2\repository\com\google\code\gson\gson\2.10.1\gson-2.10.1.jar;C:\Users\Mahmoud Ghania\.m2\repository\org\assertj\assertj-core\3.24.2\assertj-core-3.24.2.jar;C:\Users\Mahmoud Ghania\.m2\repository\net\bytebuddy\byte-buddy\1.14.8\byte-buddy-1.14.8.jar;C:\Users\Mahmoud Ghania\.m2\repository\com\h2database\h2\2.2.224\h2-2.2.224.jar;"/>
    <property name="sun.cpu.endian" value="little"/>
    <property name="user.home" value="C:\Users\Mahmoud Ghania"/>
    <property name="user.language" value="en"/>
    <property name="java.specification.vendor" value="Oracle Corporation"/>
    <property name="java.version.date" value="2023-04-18"/>
    <property name="java.home" value="C:\Program Files\Java\jdk-20"/>
    <property name="file.separator" value="\"/>
    <property name="basedir" value="E:\University\E-Pharmacy"/>
    <property name="java.vm.compressedOopsMode" value="Zero based"/>
    <property name="line.separator" value="&#10;"/>
    <property name="java.vm.specification.vendor" value="Oracle Corporation"/>
    <property name="java.specification.name" value="Java Platform API Specification"/>
    <property name="FILE_LOG_CHARSET" value="UTF-8"/>
    <property name="java.awt.headless" value="true"/>
    <property name="surefire.real.class.path" value="C:\Users\Mahmoud Ghania\AppData\Local\Temp\surefire4272054792238415689\surefirebooter-20240605132401524_3.jar"/>
    <property name="user.script" value=""/>
    <property name="sun.management.compiler" value="HotSpot 64-Bit Tiered Compilers"/>
    <property name="java.runtime.version" value="20.0.1+9-29"/>
    <property name="user.name" value="Mahmoud Ghania"/>
    <property name="stdout.encoding" value="Cp1252"/>
    <property name="path.separator" value=";"/>
    <property name="os.version" value="10.0"/>
    <property name="java.runtime.name" value="Java(TM) SE Runtime Environment"/>
    <property name="file.encoding" value="UTF-8"/>
    <property name="java.vm.name" value="Java HotSpot(TM) 64-Bit Server VM"/>
    <property name="localRepository" value="C:\Users\Mahmoud Ghania\.m2\repository"/>
    <property name="java.vendor.url.bug" value="https://bugreport.java.com/bugreport/"/>
    <property name="java.io.tmpdir" value="C:\Users\MAHMOU~1\AppData\Local\Temp\"/>
    <property name="idea.version" value="2023.1.4"/>
    <property name="java.version" value="20.0.1"/>
    <property name="user.dir" value="E:\University\E-Pharmacy"/>
    <property name="os.arch" value="amd64"/>
    <property name="java.vm.specification.name" value="Java Virtual Machine Specification"/>
    <property name="PID" value="28364"/>
    <property name="sun.os.patch.level" value=""/>
    <property name="CONSOLE_LOG_CHARSET" value="UTF-8"/>
    <property name="native.encoding" value="Cp1252"/>
    <property name="java.library.path" value="C:\Program Files\Java\jdk-20\bin;C:\Windows\Sun\Java\bin;C:\Windows\system32;C:\Windows;C:\Program Files\Common Files\Oracle\Java\javapath;C:\oraclexe\app\oracle\product\11.2.0\server\bin;C:\Program Files (x86)\Common Files\Oracle\Java\javapath;C:\Windows\system32;C:\Windows;C:\Windows\System32\Wbem;C:\Windows\System32\WindowsPowerShell\v1.0\;C:\Windows\System32\OpenSSH\;C:\Program Files (x86)\NVIDIA Corporation\PhysX\Common;C:\Program Files\NVIDIA Corporation\NVIDIA NvDLISR;C:\Program Files\dotnet\;C:\Program Files\Microsoft SQL Server\Client SDK\ODBC\110\Tools\Binn\;C:\Program Files (x86)\Microsoft SQL Server\120\Tools\Binn\;C:\Program Files\Microsoft SQL Server\120\Tools\Binn\;C:\Program Files\Microsoft SQL Server\120\DTS\Binn\;C:\Program Files (x86)\Microsoft SQL Server\120\Tools\Binn\ManagementStudio\;C:\Program Files (x86)\Microsoft SQL Server\120\DTS\Binn\;C:\Users\MAHMOU~1\AppData\Local\Pub\Cache\bin;C:\Program Files (x86)\Microsoft SQL Server\160\Tools\Binn\;C:\Program Files\Microsoft SQL Server\160\Tools\Binn\;C:\Program Files\Microsoft SQL Server\Client SDK\ODBC\170\Tools\Binn\;C:\Program Files\Microsoft SQL Server\160\DTS\Binn\;C:\Program Files\Microsoft SQL Server\150\Tools\Binn\;C:\Program Files\Java\jdk-20\bin;C:\Program Files\Git\cmd;C:\Program Files (x86)\Touch Portal\plugins\adb\platform-tools;C:\Program Files\nodejs\;C:\Program Files\Docker\Docker\resources\bin;C:\Program Files\MySQL\MySQL Server 8.0\bin;C:\Program Files\MySQL\MySQL Shell 8.0\bin\;C:\Users\Mahmoud Ghania\AppData\Local\Programs\Python\Python311\Scripts\;C:\Users\Mahmoud Ghania\AppData\Local\Programs\Python\Python311\;C:\Users\Mahmoud Ghania\AppData\Local\Microsoft\WindowsApps;C:\Users\Mahmoud Ghania\AppData\Local\Pub\Cache\bin;C:\Users\Mahmoud Ghania\AppData\Local\Pub\Cache\bin;C:\Program Files\Java\jre1.8.0_351\bin;E:\Flutter\SDKS\dart-sdk\bin;E:\Flutter\SDKS\flutter\bin;C:\Program Files\JetBrains\IntelliJ IDEA 2023.1.4\bin;;C:\Users\Mahmoud Ghania\AppData\Roaming\npm;C:\Users\Mahmoud Ghania\AppData\Local\Programs\Microsoft VS Code\bin;C:\src\ffmpeg\bin;C:\Users\Mahmoud Ghania\AppData\Local\Packages\PythonSoftwareFoundation.Python.3.12_qbz5n2kfra8p0\LocalCache\local-packages\Python312\Scripts;;."/>
    <property name="java.vm.info" value="mixed mode, sharing"/>
    <property name="stderr.encoding" value="Cp1252"/>
    <property name="java.vendor" value="Oracle Corporation"/>
    <property name="java.vm.version" value="20.0.1+9-29"/>
    <property name="sun.io.unicode.encoding" value="UnicodeLittle"/>
    <property name="java.class.version" value="64.0"/>
  </properties>
  <testcase name="findAllByMedicineCategoryId" classname="com.banhauniversity.sidalih.repository.MedicineRepositoryTest" time="0.521">
    <system-out><![CDATA[13:24:02.278 [main] INFO org.springframework.test.context.support.AnnotationConfigContextLoaderUtils -- Could not detect default configuration classes for test class [com.banhauniversity.sidalih.repository.MedicineRepositoryTest]: MedicineRepositoryTest does not declare any static, non-private, non-final, nested classes annotated with @Configuration.
13:24:02.401 [main] INFO org.springframework.boot.test.context.SpringBootTestContextBootstrapper -- Found @SpringBootConfiguration com.banhauniversity.sidalih.SidalihApplication for test class com.banhauniversity.sidalih.repository.MedicineRepositoryTest

  .   ____          _            __ _ _
 /\\ / ___'_ __ _ _(_)_ __  __ _ \ \ \ \
( ( )\___ | '_ | '_| | '_ \/ _` | \ \ \ \
 \\/  ___)| |_)| | | | | || (_| |  ) ) ) )
  '  |____| .__|_| |_|_| |_\__, | / / / /
 =========|_|==============|___/=/_/_/_/
 :: Spring Boot ::                (v3.1.4)

2024-06-05T13:24:02.688+02:00  INFO 28364 --- [           main] c.b.s.repository.MedicineRepositoryTest  : Starting MedicineRepositoryTest using Java 20.0.1 with PID 28364 (started by Mahmoud Ghania in E:\University\E-Pharmacy)
2024-06-05T13:24:02.689+02:00  INFO 28364 --- [           main] c.b.s.repository.MedicineRepositoryTest  : No active profile set, falling back to 1 default profile: "default"
2024-06-05T13:24:03.035+02:00  INFO 28364 --- [           main] .s.d.r.c.RepositoryConfigurationDelegate : Bootstrapping Spring Data JPA repositories in DEFAULT mode.
2024-06-05T13:24:03.119+02:00  INFO 28364 --- [           main] .s.d.r.c.RepositoryConfigurationDelegate : Finished Spring Data repository scanning in 78 ms. Found 18 JPA repository interfaces.
2024-06-05T13:24:03.166+02:00  INFO 28364 --- [           main] beddedDataSourceBeanFactoryPostProcessor : Replacing 'dataSource' DataSource bean with embedded version
2024-06-05T13:24:03.356+02:00  INFO 28364 --- [           main] o.s.j.d.e.EmbeddedDatabaseFactory        : Starting embedded database: url='jdbc:h2:mem:4f4302cc-e203-4dcf-9f4a-43a9e89f8ba8;DB_CLOSE_DELAY=-1;DB_CLOSE_ON_EXIT=false', username='sa'
2024-06-05T13:24:03.555+02:00  INFO 28364 --- [           main] o.hibernate.jpa.internal.util.LogHelper  : HHH000204: Processing PersistenceUnitInfo [name: default]
2024-06-05T13:24:03.592+02:00  INFO 28364 --- [           main] org.hibernate.Version                    : HHH000412: Hibernate ORM core version 6.2.9.Final
2024-06-05T13:24:03.594+02:00  INFO 28364 --- [           main] org.hibernate.cfg.Environment            : HHH000406: Using bytecode reflection optimizer
2024-06-05T13:24:03.680+02:00  INFO 28364 --- [           main] o.h.b.i.BytecodeProviderInitiator        : HHH000021: Bytecode provider name : bytebuddy
2024-06-05T13:24:03.793+02:00  INFO 28364 --- [           main] o.s.o.j.p.SpringPersistenceUnitInfo      : No LoadTimeWeaver setup: ignoring JPA class transformer
2024-06-05T13:24:04.053+02:00  INFO 28364 --- [           main] o.h.b.i.BytecodeProviderInitiator        : HHH000021: Bytecode provider name : bytebuddy
2024-06-05T13:24:04.686+02:00  INFO 28364 --- [           main] o.h.e.t.j.p.i.JtaPlatformInitiator       : HHH000490: Using JtaPlatform implementation: [org.hibernate.engine.transaction.jta.platform.internal.NoJtaPlatform]
Hibernate: drop table if exists authorities cascade 
Hibernate: drop table if exists college_useages cascade 
Hibernate: drop table if exists collegeuseage_medicine cascade 
Hibernate: drop table if exists disease cascade 
Hibernate: drop table if exists inventory cascade 
Hibernate: drop table if exists medicine cascade 
Hibernate: drop table if exists medicine_category cascade 
Hibernate: drop table if exists notifications cascade 
Hibernate: drop table if exists order_medicine cascade 
Hibernate: drop table if exists orders cascade 
Hibernate: drop table if exists patient cascade 
Hibernate: drop table if exists patient_disease cascade 
Hibernate: drop table if exists prescription cascade 
Hibernate: drop table if exists prescription_category cascade 
Hibernate: drop table if exists prescription_medicine cascade 
Hibernate: drop table if exists supplier cascade 
Hibernate: drop table if exists unit cascade 
Hibernate: drop table if exists useage cascade 
Hibernate: drop table if exists useage_medicine cascade 
Hibernate: drop table if exists users cascade 
Hibernate: create table authorities (id bigint generated by default as identity, authority varchar(255), username varchar(255), primary key (id))
Hibernate: create table college_useages (date date, id bigint not null, collegename varchar(255), primary key (id))
Hibernate: create table collegeuseage_medicine (amount bigint not null, college_useages_id bigint, id bigint generated by default as identity, inventory_id bigint, primary key (id))
Hibernate: create table disease (id bigint generated by default as identity, name varchar(255), primary key (id))
Hibernate: create table inventory (amount bigint not null, id bigint generated by default as identity, medicine_id bigint, primary key (id))
Hibernate: create table medicine (alertamount bigint not null, alertexpired bigint not null, barcode bigint not null, category_id bigint, id bigint generated by default as identity, activeingredient varchar(255), arabicname varchar(255), dosageform varchar(255), manufacturer varchar(255), name varchar(255), strength varchar(255), unit varchar(255), primary key (id))
Hibernate: create table medicine_category (id bigint generated by default as identity, name varchar(255), primary key (id))
Hibernate: create table notifications (id bigint generated by default as identity, medicine_id bigint, orderid bigint not null, message varchar(255), primary key (id))
Hibernate: create table order_medicine (expirydate date, amount bigint not null, id bigint generated by default as identity, medicine_id bigint, order_id bigint, price bigint not null, primary key (id))
Hibernate: create table orders (dateofsupply date, deliveryrequest bigint not null, id bigint generated by default as identity, supplier_id bigint, supplyrequest bigint not null, primary key (id))
Hibernate: create table patient (age integer, is_chronic boolean, national_id bigint not null, student_id bigint not null, college_name varchar(255), gender varchar(255), level varchar(255), name varchar(255), phone_number varchar(255), primary key (national_id))
Hibernate: create table patient_disease (disease_id bigint not null, patient_id bigint not null)
Hibernate: create table prescription (is_allowed boolean not null, category_id bigint, id bigint not null, pateint_id bigint, diagnosis varchar(255), primary key (id))
Hibernate: create table prescription_category (id bigint generated by default as identity, name varchar(255), primary key (id))
Hibernate: create table prescription_medicine (medicine_id bigint not null, prescription_id bigint not null)
Hibernate: create table supplier (id bigint generated by default as identity, name varchar(255), primary key (id))
Hibernate: create table unit (id bigint generated by default as identity, type bigint not null, name varchar(255), primary key (id))
Hibernate: create table useage (date date, id bigint generated by default as identity, prescription_id bigint, primary key (id))
Hibernate: create table useage_medicine (amount bigint not null, id bigint generated by default as identity, inventory_id bigint, medicine_id bigint, price bigint not null, useage_id bigint, primary key (id))
Hibernate: create table users (enabled smallint not null, name varchar(255), national_id varchar(255), password varchar(255), phone varchar(255), username varchar(255) not null, primary key (username))
Hibernate: alter table if exists authorities add constraint FKhjuy9y4fd8v5m3klig05ktofg foreign key (username) references users
Hibernate: alter table if exists collegeuseage_medicine add constraint FKmsc4gmf8lu8sh81o41bw4sb8r foreign key (college_useages_id) references college_useages
Hibernate: alter table if exists collegeuseage_medicine add constraint FK777kvyyei0d6dispfyrwl64l8 foreign key (inventory_id) references inventory
Hibernate: alter table if exists inventory add constraint FKn9d2d8ri2u8s4mle54e5mpi7k foreign key (medicine_id) references order_medicine
Hibernate: alter table if exists medicine add constraint FKclwwgguurshe21ytxaqlkgcnb foreign key (category_id) references medicine_category
Hibernate: alter table if exists notifications add constraint FKff4vvruqiyvxjabh13myq596w foreign key (medicine_id) references medicine
Hibernate: alter table if exists order_medicine add constraint FK14es0dgfeet8xmqa9ob7vhqfp foreign key (medicine_id) references medicine
Hibernate: alter table if exists order_medicine add constraint FKjlo7ymqnckd2iewk1g7tcdope foreign key (order_id) references orders
Hibernate: alter table if exists orders add constraint FKsx1o6ggef2tp2583ohnvomxj5 foreign key (supplier_id) references supplier
Hibernate: alter table if exists patient_disease add constraint FKh0e6yqphv65nlxlwu3eihn0f4 foreign key (disease_id) references disease
Hibernate: alter table if exists patient_disease add constraint FKgwiynt7jqh2i7nbo84ir897gs foreign key (patient_id) references patient
Hibernate: alter table if exists prescription add constraint FKnmcrw1vs6vcrg5ug3fkesrnv2 foreign key (pateint_id) references patient
Hibernate: alter table if exists prescription add constraint FKt4udyfrbr1qhjs1aytkx4idsg foreign key (category_id) references prescription_category
Hibernate: alter table if exists prescription_medicine add constraint FK628hc519rik10tuyw4xnxau06 foreign key (medicine_id) references medicine
Hibernate: alter table if exists prescription_medicine add constraint FKoehlep3ef56j6rr192owe9gq3 foreign key (prescription_id) references prescription
Hibernate: alter table if exists useage add constraint FKib7gbu1k3w3vq4u2x0dqu59p8 foreign key (prescription_id) references prescription
Hibernate: alter table if exists useage_medicine add constraint FK7uhtq1dp070j5e19uwkqo3inw foreign key (inventory_id) references inventory
Hibernate: alter table if exists useage_medicine add constraint FKpjpmybrk41bq1i9bxfgkr6y1m foreign key (medicine_id) references medicine
Hibernate: alter table if exists useage_medicine add constraint FKq645eh7ls4afp0sf42q1qeggo foreign key (useage_id) references useage
2024-06-05T13:24:04.747+02:00  INFO 28364 --- [           main] j.LocalContainerEntityManagerFactoryBean : Initialized JPA EntityManagerFactory for persistence unit 'default'
2024-06-05T13:24:05.214+02:00  INFO 28364 --- [           main] o.s.d.j.r.query.QueryEnhancerFactory     : Hibernate is in classpath; If applicable, HQL parser will be used.
2024-06-05T13:24:05.948+02:00  INFO 28364 --- [           main] c.b.s.repository.MedicineRepositoryTest  : Started MedicineRepositoryTest in 3.496 seconds (process running for 4.323)
Hibernate: insert into medicine_category (name,id) values (?,default)
Hibernate: insert into medicine_category (name,id) values (?,default)
Hibernate: insert into medicine_category (name,id) values (?,default)
Hibernate: insert into medicine (activeingredient,alertamount,alertexpired,arabicname,barcode,dosageform,manufacturer,category_id,name,strength,unit,id) values (?,?,?,?,?,?,?,?,?,?,?,default)
Hibernate: insert into medicine (activeingredient,alertamount,alertexpired,arabicname,barcode,dosageform,manufacturer,category_id,name,strength,unit,id) values (?,?,?,?,?,?,?,?,?,?,?,default)
Hibernate: insert into medicine (activeingredient,alertamount,alertexpired,arabicname,barcode,dosageform,manufacturer,category_id,name,strength,unit,id) values (?,?,?,?,?,?,?,?,?,?,?,default)
Hibernate: insert into medicine (activeingredient,alertamount,alertexpired,arabicname,barcode,dosageform,manufacturer,category_id,name,strength,unit,id) values (?,?,?,?,?,?,?,?,?,?,?,default)
Hibernate: select m1_0.id,m1_0.activeingredient,m1_0.alertamount,m1_0.alertexpired,m1_0.arabicname,m1_0.barcode,m1_0.dosageform,m1_0.manufacturer,m1_0.category_id,m1_0.name,m1_0.strength,m1_0.unit from medicine m1_0 where m1_0.category_id=?
]]></system-out>
  </testcase>
  <testcase name="findMix" classname="com.banhauniversity.sidalih.repository.MedicineRepositoryTest" time="0.014">
    <system-out><![CDATA[Hibernate: insert into medicine_category (name,id) values (?,default)
Hibernate: insert into medicine_category (name,id) values (?,default)
Hibernate: insert into medicine_category (name,id) values (?,default)
Hibernate: insert into medicine (activeingredient,alertamount,alertexpired,arabicname,barcode,dosageform,manufacturer,category_id,name,strength,unit,id) values (?,?,?,?,?,?,?,?,?,?,?,default)
Hibernate: insert into medicine (activeingredient,alertamount,alertexpired,arabicname,barcode,dosageform,manufacturer,category_id,name,strength,unit,id) values (?,?,?,?,?,?,?,?,?,?,?,default)
Hibernate: insert into medicine (activeingredient,alertamount,alertexpired,arabicname,barcode,dosageform,manufacturer,category_id,name,strength,unit,id) values (?,?,?,?,?,?,?,?,?,?,?,default)
Hibernate: insert into medicine (activeingredient,alertamount,alertexpired,arabicname,barcode,dosageform,manufacturer,category_id,name,strength,unit,id) values (?,?,?,?,?,?,?,?,?,?,?,default)
Hibernate: select m1_0.id,m1_0.activeingredient,m1_0.alertamount,m1_0.alertexpired,m1_0.arabicname,m1_0.barcode,m1_0.dosageform,m1_0.manufacturer,m1_0.category_id,m1_0.name,m1_0.strength,m1_0.unit from medicine m1_0 where m1_0.category_id>2
]]></system-out>
  </testcase>
  <testcase name="findByBarcode" classname="com.banhauniversity.sidalih.repository.MedicineRepositoryTest" time="0.011">
    <system-out><![CDATA[Hibernate: insert into medicine_category (name,id) values (?,default)
Hibernate: insert into medicine_category (name,id) values (?,default)
Hibernate: insert into medicine_category (name,id) values (?,default)
Hibernate: insert into medicine (activeingredient,alertamount,alertexpired,arabicname,barcode,dosageform,manufacturer,category_id,name,strength,unit,id) values (?,?,?,?,?,?,?,?,?,?,?,default)
Hibernate: insert into medicine (activeingredient,alertamount,alertexpired,arabicname,barcode,dosageform,manufacturer,category_id,name,strength,unit,id) values (?,?,?,?,?,?,?,?,?,?,?,default)
Hibernate: insert into medicine (activeingredient,alertamount,alertexpired,arabicname,barcode,dosageform,manufacturer,category_id,name,strength,unit,id) values (?,?,?,?,?,?,?,?,?,?,?,default)
Hibernate: insert into medicine (activeingredient,alertamount,alertexpired,arabicname,barcode,dosageform,manufacturer,category_id,name,strength,unit,id) values (?,?,?,?,?,?,?,?,?,?,?,default)
Hibernate: select m1_0.id,m1_0.activeingredient,m1_0.alertamount,m1_0.alertexpired,m1_0.arabicname,m1_0.barcode,m1_0.dosageform,m1_0.manufacturer,m1_0.category_id,m1_0.name,m1_0.strength,m1_0.unit from medicine m1_0 where m1_0.barcode=?
]]></system-out>
  </testcase>
</testsuite>